<?xml version="1.0" encoding="UTF-8" standalone="no"?>
<!DOCTYPE log SYSTEM "logger.dtd">
<log>
</log>
<?xml version="1.0" encoding="UTF-8" standalone="no"?>
<!DOCTYPE log SYSTEM "logger.dtd">
<log>
<record>
  <date>2021-01-07T22:40:49</date>
  <millis>1610077249313</millis>
  <sequence>10</sequence>
  <logger>javassist.bytecode.stackmap.TypeData$ClassName</logger>
  <level>INFO</level>
  <class>com.DeGuzmanFamilyAPI.DeGuzmanFamilyAPIBackend.file_upload_service.GeneralTransactionFilesStorageServiceImpl</class>
  <method>init</method>
  <thread>52</thread>
  <message>: general-transaction-uploads</message>
</record>
<record>
  <date>2021-01-07T22:40:49</date>
  <millis>1610077249315</millis>
  <sequence>11</sequence>
  <logger>javassist.bytecode.stackmap.TypeData$ClassName</logger>
  <level>INFO</level>
  <class>com.DeGuzmanFamilyAPI.DeGuzmanFamilyAPIBackend.file_upload_service.MedicalTransactionFilesStorageServiceImpl</class>
  <method>init</method>
  <thread>52</thread>
  <message>Created medical-transaction-uploads folder: medical-file-uploads</message>
</record>
<record>
  <date>2021-01-07T22:40:49</date>
  <millis>1610077249315</millis>
  <sequence>12</sequence>
  <logger>javassist.bytecode.stackmap.TypeData$ClassName</logger>
  <level>INFO</level>
  <class>com.DeGuzmanFamilyAPI.DeGuzmanFamilyAPIBackend.file_upload_service.AutoTransactionFilesStorageServiceImpl</class>
  <method>init</method>
  <thread>52</thread>
  <message>Created auto-transaction-uploads folder: auto-transaction-uploads</message>
</record>
<?xml version="1.0" encoding="UTF-8" standalone="no"?>
<!DOCTYPE log SYSTEM "logger.dtd">
<log>
<record>
  <date>2021-01-07T22:41:42</date>
  <millis>1610077302130</millis>
  <sequence>10</sequence>
  <logger>javassist.bytecode.stackmap.TypeData$ClassName</logger>
  <level>INFO</level>
  <class>com.DeGuzmanFamilyAPI.DeGuzmanFamilyAPIBackend.file_upload_service.GeneralTransactionFilesStorageServiceImpl</class>
  <method>init</method>
  <thread>52</thread>
  <message>: general-transaction-uploads</message>
</record>
<record>
  <date>2021-01-07T22:41:42</date>
  <millis>1610077302131</millis>
  <sequence>11</sequence>
  <logger>javassist.bytecode.stackmap.TypeData$ClassName</logger>
  <level>INFO</level>
  <class>com.DeGuzmanFamilyAPI.DeGuzmanFamilyAPIBackend.file_upload_service.MedicalTransactionFilesStorageServiceImpl</class>
  <method>init</method>
  <thread>52</thread>
  <message>Created medical-transaction-uploads folder: medical-file-uploads</message>
</record>
<record>
  <date>2021-01-07T22:41:42</date>
  <millis>1610077302132</millis>
  <sequence>12</sequence>
  <logger>javassist.bytecode.stackmap.TypeData$ClassName</logger>
  <level>INFO</level>
  <class>com.DeGuzmanFamilyAPI.DeGuzmanFamilyAPIBackend.file_upload_service.AutoTransactionFilesStorageServiceImpl</class>
  <method>init</method>
  <thread>52</thread>
  <message>Created auto-transaction-uploads folder: auto-transaction-uploads</message>
</record>
<record>
  <date>2021-01-07T22:42:10</date>
  <millis>1610077330472</millis>
  <sequence>21</sequence>
  <logger>javassist.bytecode.stackmap.TypeData$ClassName</logger>
  <level>INFO</level>
  <class>com.DeGuzmanFamilyAPI.DeGuzmanFamilyAPIBackend.file_upload_service.GeneralTransactionFilesStorageServiceImpl</class>
  <method>init</method>
  <thread>77</thread>
  <message>: general-transaction-uploads</message>
</record>
<record>
  <date>2021-01-07T22:42:10</date>
  <millis>1610077330474</millis>
  <sequence>22</sequence>
  <logger>javassist.bytecode.stackmap.TypeData$ClassName</logger>
  <level>INFO</level>
  <class>com.DeGuzmanFamilyAPI.DeGuzmanFamilyAPIBackend.file_upload_service.MedicalTransactionFilesStorageServiceImpl</class>
  <method>init</method>
  <thread>77</thread>
  <message>Created medical-transaction-uploads folder: medical-file-uploads</message>
</record>
<record>
  <date>2021-01-07T22:42:10</date>
  <millis>1610077330475</millis>
  <sequence>23</sequence>
  <logger>javassist.bytecode.stackmap.TypeData$ClassName</logger>
  <level>INFO</level>
  <class>com.DeGuzmanFamilyAPI.DeGuzmanFamilyAPIBackend.file_upload_service.AutoTransactionFilesStorageServiceImpl</class>
  <method>init</method>
  <thread>77</thread>
  <message>Created auto-transaction-uploads folder: auto-transaction-uploads</message>
</record>
<?xml version="1.0" encoding="UTF-8" standalone="no"?>
<!DOCTYPE log SYSTEM "logger.dtd">
<log>
<record>
  <date>2021-01-07T22:43:08</date>
  <millis>1610077388308</millis>
  <sequence>10</sequence>
  <logger>javassist.bytecode.stackmap.TypeData$ClassName</logger>
  <level>INFO</level>
  <class>com.DeGuzmanFamilyAPI.DeGuzmanFamilyAPIBackend.file_upload_service.GeneralTransactionFilesStorageServiceImpl</class>
  <method>init</method>
  <thread>52</thread>
  <message>: general-transaction-uploads</message>
</record>
<record>
  <date>2021-01-07T22:43:08</date>
  <millis>1610077388308</millis>
  <sequence>11</sequence>
  <logger>javassist.bytecode.stackmap.TypeData$ClassName</logger>
  <level>INFO</level>
  <class>com.DeGuzmanFamilyAPI.DeGuzmanFamilyAPIBackend.file_upload_service.MedicalTransactionFilesStorageServiceImpl</class>
  <method>init</method>
  <thread>52</thread>
  <message>Created medical-transaction-uploads folder: medical-file-uploads</message>
</record>
<record>
  <date>2021-01-07T22:43:08</date>
  <millis>1610077388309</millis>
  <sequence>12</sequence>
  <logger>javassist.bytecode.stackmap.TypeData$ClassName</logger>
  <level>INFO</level>
  <class>com.DeGuzmanFamilyAPI.DeGuzmanFamilyAPIBackend.file_upload_service.AutoTransactionFilesStorageServiceImpl</class>
  <method>init</method>
  <thread>52</thread>
  <message>Created auto-transaction-uploads folder: auto-transaction-uploads</message>
</record>
<record>
  <date>2021-01-07T22:45:44</date>
  <millis>1610077544450</millis>
  <sequence>21</sequence>
  <logger>javassist.bytecode.stackmap.TypeData$ClassName</logger>
  <level>INFO</level>
  <class>com.DeGuzmanFamilyAPI.DeGuzmanFamilyAPIBackend.file_upload_service.GeneralTransactionFilesStorageServiceImpl</class>
  <method>init</method>
  <thread>78</thread>
  <message>: general-transaction-uploads</message>
</record>
<record>
  <date>2021-01-07T22:45:44</date>
  <millis>1610077544450</millis>
  <sequence>22</sequence>
  <logger>javassist.bytecode.stackmap.TypeData$ClassName</logger>
  <level>INFO</level>
  <class>com.DeGuzmanFamilyAPI.DeGuzmanFamilyAPIBackend.file_upload_service.MedicalTransactionFilesStorageServiceImpl</class>
  <method>init</method>
  <thread>78</thread>
  <message>Created medical-transaction-uploads folder: medical-file-uploads</message>
</record>
<record>
  <date>2021-01-07T22:45:44</date>
  <millis>1610077544451</millis>
  <sequence>23</sequence>
  <logger>javassist.bytecode.stackmap.TypeData$ClassName</logger>
  <level>INFO</level>
  <class>com.DeGuzmanFamilyAPI.DeGuzmanFamilyAPIBackend.file_upload_service.AutoTransactionFilesStorageServiceImpl</class>
  <method>init</method>
  <thread>78</thread>
  <message>Created auto-transaction-uploads folder: auto-transaction-uploads</message>
</record>
<record>
  <date>2021-01-07T22:47:26</date>
  <millis>1610077646602</millis>
  <sequence>32</sequence>
  <logger>javassist.bytecode.stackmap.TypeData$ClassName</logger>
  <level>INFO</level>
  <class>com.DeGuzmanFamilyAPI.DeGuzmanFamilyAPIBackend.file_upload_service.GeneralTransactionFilesStorageServiceImpl</class>
  <method>init</method>
  <thread>116</thread>
  <message>: general-transaction-uploads</message>
</record>
<record>
  <date>2021-01-07T22:47:26</date>
  <millis>1610077646603</millis>
  <sequence>33</sequence>
  <logger>javassist.bytecode.stackmap.TypeData$ClassName</logger>
  <level>INFO</level>
  <class>com.DeGuzmanFamilyAPI.DeGuzmanFamilyAPIBackend.file_upload_service.MedicalTransactionFilesStorageServiceImpl</class>
  <method>init</method>
  <thread>116</thread>
  <message>Created medical-transaction-uploads folder: medical-file-uploads</message>
</record>
<record>
  <date>2021-01-07T22:47:26</date>
  <millis>1610077646606</millis>
  <sequence>34</sequence>
  <logger>javassist.bytecode.stackmap.TypeData$ClassName</logger>
  <level>INFO</level>
  <class>com.DeGuzmanFamilyAPI.DeGuzmanFamilyAPIBackend.file_upload_service.AutoTransactionFilesStorageServiceImpl</class>
  <method>init</method>
  <thread>116</thread>
  <message>Created auto-transaction-uploads folder: auto-transaction-uploads</message>
</record>
<record>
  <date>2021-01-07T22:47:27</date>
  <millis>1610077647807</millis>
  <sequence>39</sequence>
  <logger>javassist.bytecode.stackmap.TypeData$ClassName</logger>
  <level>INFO</level>
  <class>com.DeGuzmanFamilyAPI.DeGuzmanFamilyAPIBackend.file_upload_service.GeneralTransactionFilesStorageServiceImpl</class>
  <method>init</method>
  <thread>154</thread>
  <message>: general-transaction-uploads</message>
</record>
<record>
  <date>2021-01-07T22:47:27</date>
  <millis>1610077647810</millis>
  <sequence>40</sequence>
  <logger>javassist.bytecode.stackmap.TypeData$ClassName</logger>
  <level>INFO</level>
  <class>com.DeGuzmanFamilyAPI.DeGuzmanFamilyAPIBackend.file_upload_service.MedicalTransactionFilesStorageServiceImpl</class>
  <method>init</method>
  <thread>154</thread>
  <message>Created medical-transaction-uploads folder: medical-file-uploads</message>
</record>
<record>
  <date>2021-01-07T22:47:27</date>
  <millis>1610077647812</millis>
  <sequence>41</sequence>
  <logger>javassist.bytecode.stackmap.TypeData$ClassName</logger>
  <level>INFO</level>
  <class>com.DeGuzmanFamilyAPI.DeGuzmanFamilyAPIBackend.file_upload_service.AutoTransactionFilesStorageServiceImpl</class>
  <method>init</method>
  <thread>154</thread>
  <message>Created auto-transaction-uploads folder: auto-transaction-uploads</message>
</record>
<record>
  <date>2021-01-07T22:49:27</date>
  <millis>1610077767603</millis>
  <sequence>58</sequence>
  <logger>javassist.bytecode.stackmap.TypeData$ClassName</logger>
  <level>INFO</level>
  <class>com.DeGuzmanFamilyAPI.DeGuzmanFamilyAPIBackend.file_upload_service.GeneralTransactionFilesStorageServiceImpl</class>
  <method>init</method>
  <thread>181</thread>
  <message>: general-transaction-uploads</message>
</record>
<record>
  <date>2021-01-07T22:49:27</date>
  <millis>1610077767604</millis>
  <sequence>59</sequence>
  <logger>javassist.bytecode.stackmap.TypeData$ClassName</logger>
  <level>INFO</level>
  <class>com.DeGuzmanFamilyAPI.DeGuzmanFamilyAPIBackend.file_upload_service.MedicalTransactionFilesStorageServiceImpl</class>
  <method>init</method>
  <thread>181</thread>
  <message>Created medical-transaction-uploads folder: medical-file-uploads</message>
</record>
<record>
  <date>2021-01-07T22:49:27</date>
  <millis>1610077767607</millis>
  <sequence>60</sequence>
  <logger>javassist.bytecode.stackmap.TypeData$ClassName</logger>
  <level>INFO</level>
  <class>com.DeGuzmanFamilyAPI.DeGuzmanFamilyAPIBackend.file_upload_service.AutoTransactionFilesStorageServiceImpl</class>
  <method>init</method>
  <thread>181</thread>
  <message>Created auto-transaction-uploads folder: auto-transaction-uploads</message>
</record>
<?xml version="1.0" encoding="UTF-8" standalone="no"?>
<!DOCTYPE log SYSTEM "logger.dtd">
<log>
</log>
<?xml version="1.0" encoding="UTF-8" standalone="no"?>
<!DOCTYPE log SYSTEM "logger.dtd">
<log>
<record>
  <date>2021-01-09T23:37:08</date>
  <millis>1610253428329</millis>
  <sequence>7</sequence>
  <logger>javassist.bytecode.stackmap.TypeData$ClassName</logger>
  <level>INFO</level>
  <class>com.DeGuzmanFamilyAPI.DeGuzmanFamilyAPIBackend.authentication_controller.JwtAuthenticationController</class>
  <method>authenticate</method>
  <thread>37</thread>
  <message>User: global has logged in at Sat Jan 09 23:34:39 EST 2021</message>
</record>
<record>
  <date>2021-01-09T23:37:08</date>
  <millis>1610253428451</millis>
  <sequence>8</sequence>
  <logger>javassist.bytecode.stackmap.TypeData$ClassName</logger>
  <level>INFO</level>
  <class>com.DeGuzmanFamilyAPI.DeGuzmanFamilyAPIBackend.authentication_controller.JwtAuthenticationController</class>
  <method>createAuthenticationToken</method>
  <thread>37</thread>
  <message>Authenticating User: Users [userid=1, username=global, password=$2a$10$vbgzGb5BV2rMB8Ub0NMVD.qJELLSlhZegEHZA.Stnkqv2buKmq5X2, name=null, email=null, user_status=2, roleid=1]</message>
</record>
</log>
